********************************************************************************
*                             Initializing Cubiquity                           *
********************************************************************************
[10:48:41, Info   ]: Creating voxel database from 'C:/Users/Logan/Documents/Classes/Capstone/workspace/ElementZeta/Assets/StreamingAssets/Cubiquity/VoxelDatabases/14937443.vdb'
[10:49:01, Info   ]: Creating voxel database from 'C:/Users/Logan/Documents/Classes/Capstone/workspace/ElementZeta/Assets/StreamingAssets/Cubiquity/VoxelDatabases/14937443.vdb'
[10:49:58, Info   ]: Creating voxel database from 'C:/Users/Logan/Documents/Classes/Capstone/workspace/ElementZeta/Assets/StreamingAssets/Cubiquity/VoxelDatabases/14937443.vdb'
[10:53:50, Info   ]: Creating empty voxel database as 'C:/Users/Logan/AppData/Local/Temp/DefaultCompany/ElementZeta/124C7EF8.vdb'
[10:53:50, Info   ]: Creating empty voxel database as 'C:/Users/Logan/AppData/Local/Temp/DefaultCompany/ElementZeta/2C22A5BD.vdb'
[10:54:01, Info   ]: Resizing compressed data buffer to 144307bytes. This should only happen once
[10:54:02, Info   ]: Creating voxel database from 'C:/Users/Logan/Documents/Classes/Capstone/workspace/ElementZeta/Assets/StreamingAssets/Cubiquity/VoxelDatabases/14937443.vdb'
[10:54:22, Info   ]: Creating voxel database from 'C:/Users/Logan/Documents/Classes/Capstone/workspace/ElementZeta/Assets/StreamingAssets/Cubiquity/VoxelDatabases/14937443.vdb'
[10:54:24, Info   ]: Creating empty voxel database as 'C:/Users/Logan/AppData/Local/Temp/DefaultCompany/ElementZeta/7C37A818.vdb'
[10:54:24, Info   ]: Creating empty voxel database as 'C:/Users/Logan/AppData/Local/Temp/DefaultCompany/ElementZeta/2EC60E0E.vdb'
[10:54:29, Info   ]: Resizing compressed data buffer to 144307bytes. This should only happen once
[10:54:29, Info   ]: Creating voxel database from 'C:/Users/Logan/Documents/Classes/Capstone/workspace/ElementZeta/Assets/StreamingAssets/Cubiquity/VoxelDatabases/14937443.vdb'
[10:55:29, Info   ]: Creating voxel database from 'C:/Users/Logan/Documents/Classes/Capstone/workspace/ElementZeta/Assets/StreamingAssets/Cubiquity/VoxelDatabases/14937443.vdb'
[10:55:31, Info   ]: Creating empty voxel database as 'C:/Users/Logan/AppData/Local/Temp/DefaultCompany/ElementZeta/47E6BD7F.vdb'
[10:55:32, Info   ]: Creating empty voxel database as 'C:/Users/Logan/AppData/Local/Temp/DefaultCompany/ElementZeta/2C26443E.vdb'
[10:55:38, Info   ]: Resizing compressed data buffer to 144307bytes. This should only happen once
[10:55:39, Info   ]: Creating voxel database from 'C:/Users/Logan/Documents/Classes/Capstone/workspace/ElementZeta/Assets/StreamingAssets/Cubiquity/VoxelDatabases/14937443.vdb'
[10:56:33, Info   ]: Creating empty voxel database as 'C:/Users/Logan/AppData/Local/Temp/DefaultCompany/ElementZeta/21D75E98.vdb'
[10:56:33, Info   ]: Creating empty voxel database as 'C:/Users/Logan/AppData/Local/Temp/DefaultCompany/ElementZeta/1D0903A9.vdb'
[10:56:43, Info   ]: Resizing compressed data buffer to 144307bytes. This should only happen once
[10:56:43, Info   ]: Creating voxel database from 'C:/Users/Logan/Documents/Classes/Capstone/workspace/ElementZeta/Assets/StreamingAssets/Cubiquity/VoxelDatabases/14937443.vdb'
[10:56:57, Info   ]: Creating voxel database from 'C:/Users/Logan/Documents/Classes/Capstone/workspace/ElementZeta/Assets/StreamingAssets/Cubiquity/VoxelDatabases/14937443.vdb'
[10:56:59, Info   ]: Creating empty voxel database as 'C:/Users/Logan/AppData/Local/Temp/DefaultCompany/ElementZeta/19BD92BB.vdb'
[10:56:59, Info   ]: Creating empty voxel database as 'C:/Users/Logan/AppData/Local/Temp/DefaultCompany/ElementZeta/1A30A65A.vdb'
[10:57:17, Info   ]: Resizing compressed data buffer to 144307bytes. This should only happen once
[10:57:17, Info   ]: Creating voxel database from 'C:/Users/Logan/Documents/Classes/Capstone/workspace/ElementZeta/Assets/StreamingAssets/Cubiquity/VoxelDatabases/14937443.vdb'
[10:57:40, Info   ]: Creating voxel database from 'C:/Users/Logan/Documents/Classes/Capstone/workspace/ElementZeta/Assets/StreamingAssets/Cubiquity/VoxelDatabases/14937443.vdb'
[10:57:45, Info   ]: Creating voxel database from 'C:/Users/Logan/Documents/Classes/Capstone/workspace/ElementZeta/Assets/StreamingAssets/Cubiquity/VoxelDatabases/14937443.vdb'
[10:59:36, Info   ]: Creating voxel database from 'C:/Users/Logan/Documents/Classes/Capstone/workspace/ElementZeta/Assets/StreamingAssets/Cubiquity/VoxelDatabases/14937443.vdb'
[11:24:25, Info   ]: Creating empty voxel database as 'C:/Users/Logan/AppData/Local/Temp/DefaultCompany/ElementZeta/0700DE83.vdb'
[11:24:25, Info   ]: Creating empty voxel database as 'C:/Users/Logan/AppData/Local/Temp/DefaultCompany/ElementZeta/2981F062.vdb'
[11:24:25, Info   ]: Creating empty voxel database as 'C:/Users/Logan/AppData/Local/Temp/DefaultCompany/ElementZeta/1B59D708.vdb'
[11:24:25, Info   ]: Creating empty voxel database as 'C:/Users/Logan/AppData/Local/Temp/DefaultCompany/ElementZeta/4013C71A.vdb'
[11:24:25, Info   ]: Creating empty voxel database as 'C:/Users/Logan/AppData/Local/Temp/DefaultCompany/ElementZeta/570E5AAB.vdb'
[11:24:26, Info   ]: Creating empty voxel database as 'C:/Users/Logan/AppData/Local/Temp/DefaultCompany/ElementZeta/2CCE355D.vdb'
[11:24:26, Info   ]: Creating empty voxel database as 'C:/Users/Logan/AppData/Local/Temp/DefaultCompany/ElementZeta/066D575B.vdb'
[11:24:30, Info   ]: Resizing compressed data buffer to 144307bytes. This should only happen once
[11:24:30, Info   ]: Resizing compressed data buffer to 144307bytes. This should only happen once
[11:24:30, Info   ]: Resizing compressed data buffer to 144307bytes. This should only happen once
[11:24:30, Info   ]: Resizing compressed data buffer to 144307bytes. This should only happen once
[11:24:30, Info   ]: Resizing compressed data buffer to 144307bytes. This should only happen once
[11:24:30, Info   ]: Creating voxel database from 'C:/Users/Logan/Documents/Classes/Capstone/workspace/ElementZeta/Assets/StreamingAssets/Cubiquity/VoxelDatabases/14937443.vdb'
[11:25:00, Info   ]: Creating voxel database from 'C:/Users/Logan/Documents/Classes/Capstone/workspace/ElementZeta/Assets/StreamingAssets/Cubiquity/VoxelDatabases/14937443.vdb'
[11:25:04, Info   ]: Creating voxel database from 'C:/Users/Logan/Documents/Classes/Capstone/workspace/ElementZeta/Assets/StreamingAssets/Cubiquity/VoxelDatabases/14937443.vdb'
********************************************************************************
*                             Shutting down Cubiquity                          *
********************************************************************************

